<?xml version="1.0" encoding="UTF-8"?>
<!-- Generated by org.testng.reporters.JUnitXMLReporter -->
<testsuite ignored="0" hostname="DESKTOP-I10571T" failures="0" tests="3" name="ChromeTest" time="27.501" errors="0" timestamp="2022-02-17T14:31:54 IST">
  <testcase classname="com.sauceDemo.TestClasses.TC01VerifyLoginFunctionality" name="verityLogin" time="0.021"/>
  <testcase classname="com.sauceDemo.TestClasses.TC02VerifyAddToCartFunctionality" name="addtoCartFunctionality" time="3.367"/>
  <testcase classname="com.sauceDemo.TestClasses.TC03VerifyLogOutFunctionality" name="logoutfunctionality" time="0.214"/>
</testsuite> <!-- ChromeTest -->
